{"/home/travis/build/npmtest/node-npmtest-worker-farm/test.js":{"path":"/home/travis/build/npmtest/node-npmtest-worker-farm/test.js","s":{"1":2,"2":2,"3":2,"4":2,"5":2,"6":2,"7":2,"8":1,"9":2,"10":2,"11":1,"12":1,"13":1,"14":1,"15":2,"16":2,"17":2,"18":2,"19":1,"20":1,"21":2,"22":2,"23":2,"24":1,"25":1,"26":1,"27":1,"28":1,"29":1,"30":1,"31":1,"32":1,"33":1,"34":1,"35":1,"36":1,"37":1,"38":1,"39":2,"40":2,"41":1,"42":2,"43":2,"44":1,"45":2,"46":2,"47":1,"48":2,"49":2,"50":1,"51":1,"52":1,"53":1,"54":1},"b":{"1":[2,1,1,1],"2":[1,1,1,1],"3":[1,1],"4":[1,1],"5":[1,1],"6":[1,1],"7":[1,1],"8":[1,1],"9":[1,1],"10":[1,1,1],"11":[1,1],"12":[1,1],"13":[1,1],"14":[1,1],"15":[1,1],"16":[1,1],"17":[1,1]},"f":{"1":2,"2":2,"3":2,"4":2,"5":2,"6":1,"7":1,"8":1,"9":2,"10":2,"11":2,"12":2,"13":1},"fnMap":{"1":{"name":"(anonymous_1)","line":12,"loc":{"start":{"line":12,"column":1},"end":{"line":12,"column":13}}},"2":{"name":"(anonymous_2)","line":19,"loc":{"start":{"line":19,"column":5},"end":{"line":19,"column":17}}},"3":{"name":"(anonymous_3)","line":23,"loc":{"start":{"line":23,"column":24},"end":{"line":23,"column":36}}},"4":{"name":"(anonymous_4)","line":61,"loc":{"start":{"line":61,"column":5},"end":{"line":61,"column":17}}},"5":{"name":"(anonymous_5)","line":82,"loc":{"start":{"line":82,"column":5},"end":{"line":82,"column":17}}},"6":{"name":"(anonymous_6)","line":91,"loc":{"start":{"line":91,"column":77},"end":{"line":94,"column":10}}},"7":{"name":"(anonymous_7)","line":112,"loc":{"start":{"line":112,"column":83},"end":{"line":115,"column":10}},"skip":true},"8":{"name":"(anonymous_8)","line":123,"loc":{"start":{"line":123,"column":77},"end":{"line":126,"column":10}},"skip":true},"9":{"name":"(anonymous_9)","line":139,"loc":{"start":{"line":139,"column":12},"end":{"line":139,"column":40}},"skip":true},"10":{"name":"(anonymous_10)","line":147,"loc":{"start":{"line":147,"column":77},"end":{"line":150,"column":10}},"skip":true},"11":{"name":"(anonymous_11)","line":158,"loc":{"start":{"line":158,"column":83},"end":{"line":161,"column":10}},"skip":true},"12":{"name":"(anonymous_12)","line":169,"loc":{"start":{"line":169,"column":79},"end":{"line":172,"column":10}},"skip":true},"13":{"name":"(anonymous_13)","line":180,"loc":{"start":{"line":180,"column":75},"end":{"line":183,"column":10}},"skip":true}},"statementMap":{"1":{"start":{"line":12,"column":0},"end":{"line":195,"column":5}},"2":{"start":{"line":14,"column":4},"end":{"line":14,"column":14}},"3":{"start":{"line":19,"column":4},"end":{"line":56,"column":9}},"4":{"start":{"line":21,"column":8},"end":{"line":21,"column":19}},"5":{"start":{"line":23,"column":8},"end":{"line":35,"column":13}},"6":{"start":{"line":24,"column":12},"end":{"line":34,"column":13}},"7":{"start":{"line":25,"column":16},"end":{"line":28,"column":30}},"8":{"start":{"line":30,"column":16},"end":{"line":33,"column":27}},"9":{"start":{"line":37,"column":8},"end":{"line":39,"column":21}},"10":{"start":{"line":40,"column":8},"end":{"line":53,"column":9}},"11":{"start":{"line":43,"column":12},"end":{"line":46,"column":14}},"12":{"start":{"line":47,"column":12},"end":{"line":47,"column":18}},"13":{"start":{"line":50,"column":12},"end":{"line":51,"column":33}},"14":{"start":{"line":52,"column":12},"end":{"line":52,"column":18}},"15":{"start":{"line":55,"column":8},"end":{"line":55,"column":35}},"16":{"start":{"line":61,"column":4},"end":{"line":63,"column":9}},"17":{"start":{"line":62,"column":8},"end":{"line":62,"column":15}},"18":{"start":{"line":64,"column":4},"end":{"line":77,"column":5}},"19":{"start":{"line":70,"column":8},"end":{"line":70,"column":14}},"20":{"start":{"line":76,"column":8},"end":{"line":76,"column":14}},"21":{"start":{"line":82,"column":4},"end":{"line":84,"column":9}},"22":{"start":{"line":83,"column":8},"end":{"line":83,"column":15}},"23":{"start":{"line":85,"column":4},"end":{"line":194,"column":5}},"24":{"start":{"line":91,"column":8},"end":{"line":99,"column":10}},"25":{"start":{"line":98,"column":12},"end":{"line":98,"column":35}},"26":{"start":{"line":102,"column":8},"end":{"line":104,"column":63}},"27":{"start":{"line":105,"column":8},"end":{"line":105,"column":14}},"28":{"start":{"line":112,"column":8},"end":{"line":121,"column":10},"skip":true},"29":{"start":{"line":119,"column":12},"end":{"line":119,"column":55},"skip":true},"30":{"start":{"line":120,"column":12},"end":{"line":120,"column":48},"skip":true},"31":{"start":{"line":123,"column":8},"end":{"line":136,"column":10},"skip":true},"32":{"start":{"line":130,"column":12},"end":{"line":130,"column":76},"skip":true},"33":{"start":{"line":131,"column":12},"end":{"line":131,"column":73},"skip":true},"34":{"start":{"line":132,"column":12},"end":{"line":132,"column":74},"skip":true},"35":{"start":{"line":133,"column":12},"end":{"line":133,"column":79},"skip":true},"36":{"start":{"line":134,"column":12},"end":{"line":134,"column":25},"skip":true},"37":{"start":{"line":135,"column":12},"end":{"line":135,"column":45},"skip":true},"38":{"start":{"line":138,"column":8},"end":{"line":145,"column":14},"skip":true},"39":{"start":{"line":143,"column":16},"end":{"line":143,"column":29},"skip":true},"40":{"start":{"line":144,"column":16},"end":{"line":144,"column":55},"skip":true},"41":{"start":{"line":147,"column":8},"end":{"line":156,"column":10},"skip":true},"42":{"start":{"line":154,"column":12},"end":{"line":154,"column":25},"skip":true},"43":{"start":{"line":155,"column":12},"end":{"line":155,"column":45},"skip":true},"44":{"start":{"line":158,"column":8},"end":{"line":167,"column":10},"skip":true},"45":{"start":{"line":165,"column":12},"end":{"line":165,"column":25},"skip":true},"46":{"start":{"line":166,"column":12},"end":{"line":166,"column":48},"skip":true},"47":{"start":{"line":169,"column":8},"end":{"line":178,"column":10},"skip":true},"48":{"start":{"line":176,"column":12},"end":{"line":176,"column":25},"skip":true},"49":{"start":{"line":177,"column":12},"end":{"line":177,"column":46},"skip":true},"50":{"start":{"line":180,"column":8},"end":{"line":189,"column":10},"skip":true},"51":{"start":{"line":187,"column":12},"end":{"line":187,"column":94},"skip":true},"52":{"start":{"line":188,"column":12},"end":{"line":188,"column":48},"skip":true},"53":{"start":{"line":192,"column":8},"end":{"line":192,"column":35},"skip":true},"54":{"start":{"line":193,"column":8},"end":{"line":193,"column":14},"skip":true}},"branchMap":{"1":{"line":25,"type":"binary-expr","locations":[{"start":{"line":25,"column":23},"end":{"line":25,"column":62}},{"start":{"line":26,"column":20},"end":{"line":26,"column":70}},{"start":{"line":27,"column":20},"end":{"line":27,"column":71}},{"start":{"line":28,"column":20},"end":{"line":28,"column":29}}]},"2":{"line":30,"type":"binary-expr","locations":[{"start":{"line":30,"column":23},"end":{"line":30,"column":37}},{"start":{"line":31,"column":20},"end":{"line":31,"column":61}},{"start":{"line":32,"column":20},"end":{"line":32,"column":70}},{"start":{"line":33,"column":20},"end":{"line":33,"column":26}}]},"3":{"line":37,"type":"cond-expr","locations":[{"start":{"line":38,"column":14},"end":{"line":38,"column":20}},{"start":{"line":39,"column":14},"end":{"line":39,"column":20}}]},"4":{"line":40,"type":"switch","locations":[{"start":{"line":42,"column":8},"end":{"line":47,"column":18}},{"start":{"line":49,"column":8},"end":{"line":52,"column":18}}]},"5":{"line":44,"type":"binary-expr","locations":[{"start":{"line":44,"column":16},"end":{"line":44,"column":44}},{"start":{"line":44,"column":48},"end":{"line":44,"column":66}}]},"6":{"line":50,"type":"binary-expr","locations":[{"start":{"line":50,"column":21},"end":{"line":50,"column":49}},{"start":{"line":50,"column":53},"end":{"line":50,"column":72}}]},"7":{"line":64,"type":"switch","locations":[{"start":{"line":69,"column":4},"end":{"line":70,"column":14}},{"start":{"line":75,"column":4},"end":{"line":76,"column":14}}]},"8":{"line":85,"type":"switch","locations":[{"start":{"line":90,"column":4},"end":{"line":105,"column":14}},{"start":{"line":111,"column":4},"end":{"line":193,"column":14},"skip":true}]},"9":{"line":91,"type":"binary-expr","locations":[{"start":{"line":91,"column":42},"end":{"line":91,"column":73}},{"start":{"line":91,"column":77},"end":{"line":99,"column":9}}]},"10":{"line":102,"type":"binary-expr","locations":[{"start":{"line":102,"column":18},"end":{"line":102,"column":32}},{"start":{"line":103,"column":12},"end":{"line":103,"column":53}},{"start":{"line":104,"column":12},"end":{"line":104,"column":61}}]},"11":{"line":112,"type":"binary-expr","locations":[{"start":{"line":112,"column":45},"end":{"line":112,"column":79},"skip":true},{"start":{"line":112,"column":83},"end":{"line":121,"column":9},"skip":true}]},"12":{"line":123,"type":"binary-expr","locations":[{"start":{"line":123,"column":42},"end":{"line":123,"column":73},"skip":true},{"start":{"line":123,"column":77},"end":{"line":136,"column":9},"skip":true}]},"13":{"line":138,"type":"binary-expr","locations":[{"start":{"line":138,"column":48},"end":{"line":138,"column":85},"skip":true},{"start":{"line":139,"column":12},"end":{"line":145,"column":13},"skip":true}]},"14":{"line":147,"type":"binary-expr","locations":[{"start":{"line":147,"column":42},"end":{"line":147,"column":73},"skip":true},{"start":{"line":147,"column":77},"end":{"line":156,"column":9},"skip":true}]},"15":{"line":158,"type":"binary-expr","locations":[{"start":{"line":158,"column":45},"end":{"line":158,"column":79},"skip":true},{"start":{"line":158,"column":83},"end":{"line":167,"column":9},"skip":true}]},"16":{"line":169,"type":"binary-expr","locations":[{"start":{"line":169,"column":43},"end":{"line":169,"column":75},"skip":true},{"start":{"line":169,"column":79},"end":{"line":178,"column":9},"skip":true}]},"17":{"line":180,"type":"binary-expr","locations":[{"start":{"line":180,"column":41},"end":{"line":180,"column":71},"skip":true},{"start":{"line":180,"column":75},"end":{"line":189,"column":9},"skip":true}]}},"code":["/* istanbul instrument in package npmtest_worker_farm */","/*jslint","    bitwise: true,","    browser: true,","    maxerr: 8,","    maxlen: 96,","    node: true,","    nomen: true,","    regexp: true,","    stupid: true","*/","(function () {","    'use strict';","    var local;","","","","    // run shared js-env code - pre-init","    (function () {","        // init local","        local = {};","        // init modeJs","        local.modeJs = (function () {","            try {","                return typeof navigator.userAgent === 'string' &&","                    typeof document.querySelector('body') === 'object' &&","                    typeof XMLHttpRequest.prototype.open === 'function' &&","                    'browser';","            } catch (errorCaughtBrowser) {","                return module.exports &&","                    typeof process.versions.node === 'string' &&","                    typeof require('http').createServer === 'function' &&","                    'node';","            }","        }());","        // init global","        local.global = local.modeJs === 'browser'","            ? window","            : global;","        switch (local.modeJs) {","        // re-init local from window.local","        case 'browser':","            local = local.global.utility2.objectSetDefault(","                local.global.utility2_rollup || local.global.local,","                local.global.utility2","            );","            break;","        // re-init local from example.js","        case 'node':","            local = (local.global.utility2_rollup || require('utility2'))","                .requireReadme();","            break;","        }","        // export local","        local.global.local = local;","    }());","","","","    // run shared js-env code - function","    (function () {","        return;","    }());","    switch (local.modeJs) {","","","","    // run browser js-env code - function","    case 'browser':","        break;","","","","    // run node js-env code - function","    case 'node':","        break;","    }","","","","    // run shared js-env code - post-init","    (function () {","        return;","    }());","    switch (local.modeJs) {","","","","    // run browser js-env code - post-init","    case 'browser':","        local.testCase_browser_nullCase = local.testCase_browser_nullCase || function (","            options,","            onError","        ) {","        /*","         * this function will test browsers's null-case handling-behavior-behavior","         */","            onError(null, options);","        };","","        // run tests","        local.nop(local.modeTest &&","            document.querySelector('#testRunButton1') &&","            document.querySelector('#testRunButton1').click());","        break;","","","","    // run node js-env code - post-init","    /* istanbul ignore next */","    case 'node':","        local.testCase_buildApidoc_default = local.testCase_buildApidoc_default || function (","            options,","            onError","        ) {","        /*","         * this function will test buildApidoc's default handling-behavior-behavior","         */","            options = { modulePathList: module.paths };","            local.buildApidoc(options, onError);","        };","","        local.testCase_buildApp_default = local.testCase_buildApp_default || function (","            options,","            onError","        ) {","        /*","         * this function will test buildApp's default handling-behavior-behavior","         */","            local.testCase_buildReadme_default(options, local.onErrorThrow);","            local.testCase_buildLib_default(options, local.onErrorThrow);","            local.testCase_buildTest_default(options, local.onErrorThrow);","            local.testCase_buildCustomOrg_default(options, local.onErrorThrow);","            options = [];","            local.buildApp(options, onError);","        };","","        local.testCase_buildCustomOrg_default = local.testCase_buildCustomOrg_default ||","            function (options, onError) {","            /*","             * this function will test buildCustomOrg's default handling-behavior","             */","                options = {};","                local.buildCustomOrg(options, onError);","            };","","        local.testCase_buildLib_default = local.testCase_buildLib_default || function (","            options,","            onError","        ) {","        /*","         * this function will test buildLib's default handling-behavior","         */","            options = {};","            local.buildLib(options, onError);","        };","","        local.testCase_buildReadme_default = local.testCase_buildReadme_default || function (","            options,","            onError","        ) {","        /*","         * this function will test buildReadme's default handling-behavior-behavior","         */","            options = {};","            local.buildReadme(options, onError);","        };","","        local.testCase_buildTest_default = local.testCase_buildTest_default || function (","            options,","            onError","        ) {","        /*","         * this function will test buildTest's default handling-behavior","         */","            options = {};","            local.buildTest(options, onError);","        };","","        local.testCase_webpage_default = local.testCase_webpage_default || function (","            options,","            onError","        ) {","        /*","         * this function will test webpage's default handling-behavior","         */","            options = { modeCoverageMerge: true, url: local.serverLocalHost + '?modeTest=1' };","            local.browserTest(options, onError);","        };","","        // run test-server","        local.testRunServer(local);","        break;","    }","}());",""],"l":{"12":2,"14":2,"19":2,"21":2,"23":2,"24":2,"25":2,"30":1,"37":2,"40":2,"43":1,"47":1,"50":1,"52":1,"55":2,"61":2,"62":2,"64":2,"70":1,"76":1,"82":2,"83":2,"85":2,"91":1,"98":1,"102":1,"105":1,"112":1,"119":1,"120":1,"123":1,"130":1,"131":1,"132":1,"133":1,"134":1,"135":1,"138":1,"143":2,"144":2,"147":1,"154":2,"155":2,"158":1,"165":2,"166":2,"169":1,"176":2,"177":2,"180":1,"187":1,"188":1,"192":1,"193":1}},"/home/travis/build/npmtest/node-npmtest-worker-farm/lib.npmtest_worker_farm.js":{"path":"/home/travis/build/npmtest/node-npmtest-worker-farm/lib.npmtest_worker_farm.js","s":{"1":2,"2":2,"3":2,"4":2,"5":2,"6":2,"7":2,"8":1,"9":2,"10":2,"11":2,"12":2,"13":1,"14":1,"15":1,"16":1},"b":{"1":[2,1,1,1],"2":[1,1,1,1],"3":[1,1],"4":[2,2],"5":[1,1]},"f":{"1":2,"2":2,"3":2},"fnMap":{"1":{"name":"(anonymous_1)","line":12,"loc":{"start":{"line":12,"column":1},"end":{"line":12,"column":13}}},"2":{"name":"(anonymous_2)","line":19,"loc":{"start":{"line":19,"column":5},"end":{"line":19,"column":17}}},"3":{"name":"(anonymous_3)","line":23,"loc":{"start":{"line":23,"column":24},"end":{"line":23,"column":36}}}},"statementMap":{"1":{"start":{"line":12,"column":0},"end":{"line":53,"column":5}},"2":{"start":{"line":14,"column":4},"end":{"line":14,"column":14}},"3":{"start":{"line":19,"column":4},"end":{"line":52,"column":9}},"4":{"start":{"line":21,"column":8},"end":{"line":21,"column":19}},"5":{"start":{"line":23,"column":8},"end":{"line":35,"column":13}},"6":{"start":{"line":24,"column":12},"end":{"line":34,"column":13}},"7":{"start":{"line":25,"column":16},"end":{"line":28,"column":30}},"8":{"start":{"line":30,"column":16},"end":{"line":33,"column":27}},"9":{"start":{"line":37,"column":8},"end":{"line":39,"column":21}},"10":{"start":{"line":41,"column":8},"end":{"line":41,"column":54}},"11":{"start":{"line":43,"column":8},"end":{"line":43,"column":56}},"12":{"start":{"line":45,"column":8},"end":{"line":51,"column":9}},"13":{"start":{"line":46,"column":12},"end":{"line":46,"column":62}},"14":{"start":{"line":48,"column":12},"end":{"line":48,"column":35}},"15":{"start":{"line":49,"column":12},"end":{"line":49,"column":49}},"16":{"start":{"line":50,"column":12},"end":{"line":50,"column":43}}},"branchMap":{"1":{"line":25,"type":"binary-expr","locations":[{"start":{"line":25,"column":23},"end":{"line":25,"column":62}},{"start":{"line":26,"column":20},"end":{"line":26,"column":70}},{"start":{"line":27,"column":20},"end":{"line":27,"column":71}},{"start":{"line":28,"column":20},"end":{"line":28,"column":29}}]},"2":{"line":30,"type":"binary-expr","locations":[{"start":{"line":30,"column":23},"end":{"line":30,"column":37}},{"start":{"line":31,"column":20},"end":{"line":31,"column":61}},{"start":{"line":32,"column":20},"end":{"line":32,"column":70}},{"start":{"line":33,"column":20},"end":{"line":33,"column":26}}]},"3":{"line":37,"type":"cond-expr","locations":[{"start":{"line":38,"column":14},"end":{"line":38,"column":20}},{"start":{"line":39,"column":14},"end":{"line":39,"column":20}}]},"4":{"line":41,"type":"binary-expr","locations":[{"start":{"line":41,"column":16},"end":{"line":41,"column":44}},{"start":{"line":41,"column":48},"end":{"line":41,"column":53}}]},"5":{"line":45,"type":"if","locations":[{"start":{"line":45,"column":8},"end":{"line":45,"column":8}},{"start":{"line":45,"column":8},"end":{"line":45,"column":8}}]}},"code":["/* istanbul instrument in package npmtest_worker_farm */","/*jslint","    bitwise: true,","    browser: true,","    maxerr: 8,","    maxlen: 96,","    node: true,","    nomen: true,","    regexp: true,","    stupid: true","*/","(function () {","    'use strict';","    var local;","","","","    // run shared js-env code - pre-init","    (function () {","        // init local","        local = {};","        // init modeJs","        local.modeJs = (function () {","            try {","                return typeof navigator.userAgent === 'string' &&","                    typeof document.querySelector('body') === 'object' &&","                    typeof XMLHttpRequest.prototype.open === 'function' &&","                    'browser';","            } catch (errorCaughtBrowser) {","                return module.exports &&","                    typeof process.versions.node === 'string' &&","                    typeof require('http').createServer === 'function' &&","                    'node';","            }","        }());","        // init global","        local.global = local.modeJs === 'browser'","            ? window","            : global;","        // init utility2_rollup","        local = local.global.utility2_rollup || local;","        // init lib","        local.local = local.npmtest_worker_farm = local;","        // init exports","        if (local.modeJs === 'browser') {","            local.global.utility2_npmtest_worker_farm = local;","        } else {","            module.exports = local;","            module.exports.__dirname = __dirname;","            module.exports.module = module;","        }","    }());","}());",""],"l":{"12":2,"14":2,"19":2,"21":2,"23":2,"24":2,"25":2,"30":1,"37":2,"41":2,"43":2,"45":2,"46":1,"48":1,"49":1,"50":1}},"/home/travis/build/npmtest/node-npmtest-worker-farm/example.js":{"path":"/home/travis/build/npmtest/node-npmtest-worker-farm/example.js","s":{"1":2,"2":2,"3":2,"4":2,"5":2,"6":2,"7":2,"8":1,"9":2,"10":2,"11":2,"12":2,"13":1,"14":2,"15":2,"16":2,"17":2,"18":2,"19":0,"20":2,"21":1,"22":1,"23":1,"24":1,"25":1,"26":0,"27":0,"28":1,"29":1,"30":2,"31":0,"32":0,"33":0,"34":1,"35":2,"36":2,"37":3,"38":3,"39":3,"40":3,"41":0,"42":3,"43":3,"44":3,"45":1,"46":3,"47":1,"48":1,"49":1,"50":1,"51":1,"52":1,"53":1,"54":1,"55":1,"56":1,"57":0,"58":1,"59":6,"60":6,"61":1,"62":2,"63":0,"64":2,"65":1,"66":1,"67":0,"68":0,"69":0,"70":0,"71":0,"72":0,"73":0,"74":0,"75":0,"76":0,"77":0,"78":0,"79":0,"80":0,"81":0,"82":0,"83":0},"b":{"1":[2,1,1,1],"2":[1,1,1,1],"3":[1,1],"4":[2,2],"5":[1,1],"6":[1,1],"7":[2,0],"8":[2,1,1,1,1,1],"9":[0,2,0],"10":[1,1],"11":[2,1,1],"12":[1,0],"13":[0,2],"14":[2,0,0,0,0,0,0],"15":[0,3],"16":[3,0],"17":[1,1],"18":[0,1],"19":[1,2,0,2],"20":[1,0],"21":[1,1],"22":[0,0],"23":[0,0],"24":[0,0],"25":[0,0],"26":[0,0],"27":[0,0],"28":[0,0]},"f":{"1":2,"2":2,"3":2,"4":2,"5":2,"6":2,"7":3,"8":3,"9":3,"10":1,"11":6,"12":0},"fnMap":{"1":{"name":"(anonymous_1)","line":26,"loc":{"start":{"line":26,"column":1},"end":{"line":26,"column":13}}},"2":{"name":"(anonymous_2)","line":33,"loc":{"start":{"line":33,"column":5},"end":{"line":33,"column":17}}},"3":{"name":"(anonymous_3)","line":37,"loc":{"start":{"line":37,"column":24},"end":{"line":37,"column":36}}},"4":{"name":"(anonymous_4)","line":69,"loc":{"start":{"line":69,"column":31},"end":{"line":69,"column":48}},"skip":true},"5":{"name":"(anonymous_5)","line":78,"loc":{"start":{"line":78,"column":26},"end":{"line":78,"column":45}},"skip":true},"6":{"name":"(anonymous_6)","line":123,"loc":{"start":{"line":123,"column":33},"end":{"line":123,"column":48}},"skip":true},"7":{"name":"(anonymous_7)","line":125,"loc":{"start":{"line":125,"column":27},"end":{"line":125,"column":39}},"skip":true},"8":{"name":"(anonymous_8)","line":133,"loc":{"start":{"line":133,"column":59},"end":{"line":133,"column":74}},"skip":true},"9":{"name":"(anonymous_9)","line":143,"loc":{"start":{"line":143,"column":45},"end":{"line":143,"column":62}},"skip":true},"10":{"name":"(anonymous_10)","line":144,"loc":{"start":{"line":144,"column":73},"end":{"line":144,"column":92}},"skip":true},"11":{"name":"(anonymous_11)","line":272,"loc":{"start":{"line":272,"column":51},"end":{"line":272,"column":77}},"skip":true},"12":{"name":"(anonymous_12)","line":315,"loc":{"start":{"line":315,"column":32},"end":{"line":315,"column":61}},"skip":true}},"statementMap":{"1":{"start":{"line":26,"column":0},"end":{"line":326,"column":5}},"2":{"start":{"line":28,"column":4},"end":{"line":28,"column":14}},"3":{"start":{"line":33,"column":4},"end":{"line":60,"column":9}},"4":{"start":{"line":35,"column":8},"end":{"line":35,"column":19}},"5":{"start":{"line":37,"column":8},"end":{"line":49,"column":13}},"6":{"start":{"line":38,"column":12},"end":{"line":48,"column":13}},"7":{"start":{"line":39,"column":16},"end":{"line":42,"column":30}},"8":{"start":{"line":44,"column":16},"end":{"line":47,"column":27}},"9":{"start":{"line":51,"column":8},"end":{"line":53,"column":21}},"10":{"start":{"line":55,"column":8},"end":{"line":57,"column":45}},"11":{"start":{"line":59,"column":8},"end":{"line":59,"column":35}},"12":{"start":{"line":61,"column":4},"end":{"line":325,"column":5}},"13":{"start":{"line":69,"column":8},"end":{"line":121,"column":10},"skip":true},"14":{"start":{"line":70,"column":12},"end":{"line":88,"column":13},"skip":true},"15":{"start":{"line":76,"column":16},"end":{"line":87,"column":19},"skip":true},"16":{"start":{"line":79,"column":20},"end":{"line":86,"column":21},"skip":true},"17":{"start":{"line":82,"column":24},"end":{"line":82,"column":43},"skip":true},"18":{"start":{"line":83,"column":24},"end":{"line":83,"column":30},"skip":true},"19":{"start":{"line":85,"column":24},"end":{"line":85,"column":49},"skip":true},"20":{"start":{"line":89,"column":12},"end":{"line":107,"column":13},"skip":true},"21":{"start":{"line":92,"column":16},"end":{"line":102,"column":17},"skip":true},"22":{"start":{"line":93,"column":20},"end":{"line":93,"column":86},"skip":true},"23":{"start":{"line":94,"column":20},"end":{"line":95,"column":45},"skip":true},"24":{"start":{"line":96,"column":20},"end":{"line":96,"column":42},"skip":true},"25":{"start":{"line":97,"column":20},"end":{"line":97,"column":48},"skip":true},"26":{"start":{"line":100,"column":20},"end":{"line":100,"column":85},"skip":true},"27":{"start":{"line":101,"column":20},"end":{"line":101,"column":96},"skip":true},"28":{"start":{"line":103,"column":16},"end":{"line":103,"column":22},"skip":true},"29":{"start":{"line":106,"column":16},"end":{"line":106,"column":22},"skip":true},"30":{"start":{"line":108,"column":12},"end":{"line":120,"column":13},"skip":true},"31":{"start":{"line":114,"column":16},"end":{"line":119,"column":17},"skip":true},"32":{"start":{"line":116,"column":20},"end":{"line":116,"column":78},"skip":true},"33":{"start":{"line":118,"column":20},"end":{"line":118,"column":47},"skip":true},"34":{"start":{"line":123,"column":8},"end":{"line":141,"column":11},"skip":true},"35":{"start":{"line":124,"column":12},"end":{"line":124,"column":54},"skip":true},"36":{"start":{"line":125,"column":12},"end":{"line":140,"column":14},"skip":true},"37":{"start":{"line":126,"column":16},"end":{"line":126,"column":28},"skip":true},"38":{"start":{"line":127,"column":16},"end":{"line":127,"column":69},"skip":true},"39":{"start":{"line":128,"column":16},"end":{"line":128,"column":75},"skip":true},"40":{"start":{"line":129,"column":16},"end":{"line":131,"column":17},"skip":true},"41":{"start":{"line":130,"column":20},"end":{"line":130,"column":27},"skip":true},"42":{"start":{"line":133,"column":16},"end":{"line":137,"column":36},"skip":true},"43":{"start":{"line":134,"column":20},"end":{"line":136,"column":55},"skip":true},"44":{"start":{"line":139,"column":16},"end":{"line":139,"column":57},"skip":true},"45":{"start":{"line":143,"column":8},"end":{"line":147,"column":11},"skip":true},"46":{"start":{"line":144,"column":12},"end":{"line":146,"column":15},"skip":true},"47":{"start":{"line":145,"column":16},"end":{"line":145,"column":70},"skip":true},"48":{"start":{"line":149,"column":8},"end":{"line":149,"column":31},"skip":true},"49":{"start":{"line":150,"column":8},"end":{"line":150,"column":14},"skip":true},"50":{"start":{"line":158,"column":8},"end":{"line":158,"column":31},"skip":true},"51":{"start":{"line":160,"column":8},"end":{"line":160,"column":33},"skip":true},"52":{"start":{"line":161,"column":8},"end":{"line":161,"column":37},"skip":true},"53":{"start":{"line":162,"column":8},"end":{"line":162,"column":35},"skip":true},"54":{"start":{"line":164,"column":8},"end":{"line":164,"column":50},"skip":true},"55":{"start":{"line":166,"column":8},"end":{"line":256,"column":2},"skip":true},"56":{"start":{"line":258,"column":8},"end":{"line":286,"column":9},"skip":true},"57":{"start":{"line":259,"column":12},"end":{"line":269,"column":14},"skip":true},"58":{"start":{"line":271,"column":12},"end":{"line":285,"column":19},"skip":true},"59":{"start":{"line":274,"column":20},"end":{"line":274,"column":35},"skip":true},"60":{"start":{"line":275,"column":20},"end":{"line":284,"column":21},"skip":true},"61":{"start":{"line":277,"column":24},"end":{"line":277,"column":64},"skip":true},"62":{"start":{"line":279,"column":24},"end":{"line":279,"column":40},"skip":true},"63":{"start":{"line":281,"column":24},"end":{"line":281,"column":40},"skip":true},"64":{"start":{"line":283,"column":24},"end":{"line":283,"column":39},"skip":true},"65":{"start":{"line":288,"column":8},"end":{"line":290,"column":9},"skip":true},"66":{"start":{"line":289,"column":12},"end":{"line":289,"column":18},"skip":true},"67":{"start":{"line":291,"column":8},"end":{"line":293,"column":54},"skip":true},"68":{"start":{"line":296,"column":8},"end":{"line":301,"column":37},"skip":true},"69":{"start":{"line":303,"column":8},"end":{"line":303,"column":82},"skip":true},"70":{"start":{"line":306,"column":8},"end":{"line":308,"column":9},"skip":true},"71":{"start":{"line":307,"column":12},"end":{"line":307,"column":82},"skip":true},"72":{"start":{"line":310,"column":8},"end":{"line":312,"column":9},"skip":true},"73":{"start":{"line":311,"column":12},"end":{"line":311,"column":18},"skip":true},"74":{"start":{"line":313,"column":8},"end":{"line":313,"column":54},"skip":true},"75":{"start":{"line":314,"column":8},"end":{"line":314,"column":69},"skip":true},"76":{"start":{"line":315,"column":8},"end":{"line":323,"column":36},"skip":true},"77":{"start":{"line":316,"column":12},"end":{"line":316,"column":61},"skip":true},"78":{"start":{"line":317,"column":12},"end":{"line":320,"column":13},"skip":true},"79":{"start":{"line":318,"column":16},"end":{"line":318,"column":75},"skip":true},"80":{"start":{"line":319,"column":16},"end":{"line":319,"column":23},"skip":true},"81":{"start":{"line":321,"column":12},"end":{"line":321,"column":38},"skip":true},"82":{"start":{"line":322,"column":12},"end":{"line":322,"column":27},"skip":true},"83":{"start":{"line":324,"column":8},"end":{"line":324,"column":14},"skip":true}},"branchMap":{"1":{"line":39,"type":"binary-expr","locations":[{"start":{"line":39,"column":23},"end":{"line":39,"column":62}},{"start":{"line":40,"column":20},"end":{"line":40,"column":70}},{"start":{"line":41,"column":20},"end":{"line":41,"column":71}},{"start":{"line":42,"column":20},"end":{"line":42,"column":29}}]},"2":{"line":44,"type":"binary-expr","locations":[{"start":{"line":44,"column":23},"end":{"line":44,"column":37}},{"start":{"line":45,"column":20},"end":{"line":45,"column":61}},{"start":{"line":46,"column":20},"end":{"line":46,"column":70}},{"start":{"line":47,"column":20},"end":{"line":47,"column":26}}]},"3":{"line":51,"type":"cond-expr","locations":[{"start":{"line":52,"column":14},"end":{"line":52,"column":20}},{"start":{"line":53,"column":14},"end":{"line":53,"column":20}}]},"4":{"line":55,"type":"binary-expr","locations":[{"start":{"line":55,"column":16},"end":{"line":55,"column":44}},{"start":{"line":55,"column":49},"end":{"line":57,"column":43}}]},"5":{"line":55,"type":"cond-expr","locations":[{"start":{"line":56,"column":14},"end":{"line":56,"column":55}},{"start":{"line":57,"column":14},"end":{"line":57,"column":43}}]},"6":{"line":61,"type":"switch","locations":[{"start":{"line":68,"column":4},"end":{"line":150,"column":14},"skip":true},{"start":{"line":156,"column":4},"end":{"line":324,"column":14},"skip":true}]},"7":{"line":70,"type":"if","locations":[{"start":{"line":70,"column":12},"end":{"line":70,"column":12},"skip":true},{"start":{"line":70,"column":12},"end":{"line":70,"column":12},"skip":true}]},"8":{"line":70,"type":"binary-expr","locations":[{"start":{"line":70,"column":16},"end":{"line":70,"column":22},"skip":true},{"start":{"line":70,"column":27},"end":{"line":70,"column":32},"skip":true},{"start":{"line":71,"column":20},"end":{"line":71,"column":39},"skip":true},{"start":{"line":72,"column":20},"end":{"line":72,"column":49},"skip":true},{"start":{"line":73,"column":20},"end":{"line":73,"column":58},"skip":true},{"start":{"line":74,"column":20},"end":{"line":74,"column":69},"skip":true}]},"9":{"line":79,"type":"switch","locations":[{"start":{"line":80,"column":20},"end":{"line":80,"column":33},"skip":true},{"start":{"line":81,"column":20},"end":{"line":83,"column":30},"skip":true},{"start":{"line":84,"column":20},"end":{"line":85,"column":49},"skip":true}]},"10":{"line":89,"type":"switch","locations":[{"start":{"line":90,"column":12},"end":{"line":103,"column":22},"skip":true},{"start":{"line":105,"column":12},"end":{"line":106,"column":22},"skip":true}]},"11":{"line":89,"type":"binary-expr","locations":[{"start":{"line":89,"column":20},"end":{"line":89,"column":25},"skip":true},{"start":{"line":89,"column":29},"end":{"line":89,"column":48},"skip":true},{"start":{"line":89,"column":52},"end":{"line":89,"column":74},"skip":true}]},"12":{"line":92,"type":"if","locations":[{"start":{"line":92,"column":16},"end":{"line":92,"column":16},"skip":true},{"start":{"line":92,"column":16},"end":{"line":92,"column":16},"skip":true}]},"13":{"line":108,"type":"if","locations":[{"start":{"line":108,"column":12},"end":{"line":108,"column":12},"skip":true},{"start":{"line":108,"column":12},"end":{"line":108,"column":12},"skip":true}]},"14":{"line":108,"type":"binary-expr","locations":[{"start":{"line":108,"column":16},"end":{"line":108,"column":61},"skip":true},{"start":{"line":108,"column":66},"end":{"line":108,"column":72},"skip":true},{"start":{"line":108,"column":77},"end":{"line":108,"column":82},"skip":true},{"start":{"line":109,"column":20},"end":{"line":109,"column":39},"skip":true},{"start":{"line":110,"column":20},"end":{"line":110,"column":49},"skip":true},{"start":{"line":111,"column":20},"end":{"line":111,"column":58},"skip":true},{"start":{"line":112,"column":20},"end":{"line":112,"column":68},"skip":true}]},"15":{"line":129,"type":"if","locations":[{"start":{"line":129,"column":16},"end":{"line":129,"column":16},"skip":true},{"start":{"line":129,"column":16},"end":{"line":129,"column":16},"skip":true}]},"16":{"line":134,"type":"cond-expr","locations":[{"start":{"line":135,"column":26},"end":{"line":135,"column":29},"skip":true},{"start":{"line":136,"column":26},"end":{"line":136,"column":54},"skip":true}]},"17":{"line":164,"type":"binary-expr","locations":[{"start":{"line":164,"column":27},"end":{"line":164,"column":43},"skip":true},{"start":{"line":164,"column":47},"end":{"line":164,"column":49},"skip":true}]},"18":{"line":258,"type":"if","locations":[{"start":{"line":258,"column":8},"end":{"line":258,"column":8},"skip":true},{"start":{"line":258,"column":8},"end":{"line":258,"column":8},"skip":true}]},"19":{"line":275,"type":"switch","locations":[{"start":{"line":276,"column":20},"end":{"line":277,"column":64},"skip":true},{"start":{"line":278,"column":20},"end":{"line":279,"column":40},"skip":true},{"start":{"line":280,"column":20},"end":{"line":281,"column":40},"skip":true},{"start":{"line":282,"column":20},"end":{"line":283,"column":39},"skip":true}]},"20":{"line":288,"type":"if","locations":[{"start":{"line":288,"column":8},"end":{"line":288,"column":8},"skip":true},{"start":{"line":288,"column":8},"end":{"line":288,"column":8},"skip":true}]},"21":{"line":288,"type":"binary-expr","locations":[{"start":{"line":288,"column":12},"end":{"line":288,"column":40},"skip":true},{"start":{"line":288,"column":44},"end":{"line":288,"column":67},"skip":true}]},"22":{"line":292,"type":"binary-expr","locations":[{"start":{"line":292,"column":12},"end":{"line":292,"column":50},"skip":true},{"start":{"line":293,"column":12},"end":{"line":293,"column":53},"skip":true}]},"23":{"line":297,"type":"binary-expr","locations":[{"start":{"line":297,"column":12},"end":{"line":297,"column":69},"skip":true},{"start":{"line":298,"column":12},"end":{"line":301,"column":36},"skip":true}]},"24":{"line":303,"type":"binary-expr","locations":[{"start":{"line":303,"column":43},"end":{"line":303,"column":75},"skip":true},{"start":{"line":303,"column":79},"end":{"line":303,"column":81},"skip":true}]},"25":{"line":306,"type":"if","locations":[{"start":{"line":306,"column":8},"end":{"line":306,"column":8},"skip":true},{"start":{"line":306,"column":8},"end":{"line":306,"column":8},"skip":true}]},"26":{"line":310,"type":"if","locations":[{"start":{"line":310,"column":8},"end":{"line":310,"column":8},"skip":true},{"start":{"line":310,"column":8},"end":{"line":310,"column":8},"skip":true}]},"27":{"line":313,"type":"binary-expr","locations":[{"start":{"line":313,"column":27},"end":{"line":313,"column":43},"skip":true},{"start":{"line":313,"column":47},"end":{"line":313,"column":53},"skip":true}]},"28":{"line":317,"type":"if","locations":[{"start":{"line":317,"column":12},"end":{"line":317,"column":12},"skip":true},{"start":{"line":317,"column":12},"end":{"line":317,"column":12},"skip":true}]}},"code":["/*","example.js","","quickstart example","","instruction","    1. save this script as example.js","    2. run the shell command:","        $ npm install npmtest-worker-farm && PORT=8081 node example.js","    3. play with the browser-demo on http://127.0.0.1:8081","*/","","","","/* istanbul instrument in package npmtest_worker_farm */","/*jslint","    bitwise: true,","    browser: true,","    maxerr: 8,","    maxlen: 96,","    node: true,","    nomen: true,","    regexp: true,","    stupid: true","*/","(function () {","    'use strict';","    var local;","","","","    // run shared js-env code - pre-init","    (function () {","        // init local","        local = {};","        // init modeJs","        local.modeJs = (function () {","            try {","                return typeof navigator.userAgent === 'string' &&","                    typeof document.querySelector('body') === 'object' &&","                    typeof XMLHttpRequest.prototype.open === 'function' &&","                    'browser';","            } catch (errorCaughtBrowser) {","                return module.exports &&","                    typeof process.versions.node === 'string' &&","                    typeof require('http').createServer === 'function' &&","                    'node';","            }","        }());","        // init global","        local.global = local.modeJs === 'browser'","            ? window","            : global;","        // init utility2_rollup","        local = local.global.utility2_rollup || (local.modeJs === 'browser'","            ? local.global.utility2_npmtest_worker_farm","            : global.utility2_moduleExports);","        // export local","        local.global.local = local;","    }());","    switch (local.modeJs) {","","","","    // post-init","    // run browser js-env code - post-init","    /* istanbul ignore next */","    case 'browser':","        local.testRunBrowser = function (event) {","            if (!event || (event &&","                    event.currentTarget &&","                    event.currentTarget.className &&","                    event.currentTarget.className.includes &&","                    event.currentTarget.className.includes('onreset'))) {","                // reset output","                Array.from(","                    document.querySelectorAll('body > .resettable')","                ).forEach(function (element) {","                    switch (element.tagName) {","                    case 'INPUT':","                    case 'TEXTAREA':","                        element.value = '';","                        break;","                    default:","                        element.textContent = '';","                    }","                });","            }","            switch (event && event.currentTarget && event.currentTarget.id) {","            case 'testRunButton1':","                // show tests","                if (document.querySelector('#testReportDiv1').style.display === 'none') {","                    document.querySelector('#testReportDiv1').style.display = 'block';","                    document.querySelector('#testRunButton1').textContent =","                        'hide internal test';","                    local.modeTest = true;","                    local.testRunDefault(local);","                // hide tests","                } else {","                    document.querySelector('#testReportDiv1').style.display = 'none';","                    document.querySelector('#testRunButton1').textContent = 'run internal test';","                }","                break;","            // custom-case","            default:","                break;","            }","            if (document.querySelector('#inputTextareaEval1') && (!event || (event &&","                    event.currentTarget &&","                    event.currentTarget.className &&","                    event.currentTarget.className.includes &&","                    event.currentTarget.className.includes('oneval')))) {","                // try to eval input-code","                try {","                    /*jslint evil: true*/","                    eval(document.querySelector('#inputTextareaEval1').value);","                } catch (errorCaught) {","                    console.error(errorCaught);","                }","            }","        };","        // log stderr and stdout to #outputTextareaStdout1","        ['error', 'log'].forEach(function (key) {","            console[key + '_original'] = console[key];","            console[key] = function () {","                var element;","                console[key + '_original'].apply(console, arguments);","                element = document.querySelector('#outputTextareaStdout1');","                if (!element) {","                    return;","                }","                // append text to #outputTextareaStdout1","                element.value += Array.from(arguments).map(function (arg) {","                    return typeof arg === 'string'","                        ? arg","                        : JSON.stringify(arg, null, 4);","                }).join(' ') + '\\n';","                // scroll textarea to bottom","                element.scrollTop = element.scrollHeight;","            };","        });","        // init event-handling","        ['change', 'click', 'keyup'].forEach(function (event) {","            Array.from(document.querySelectorAll('.on' + event)).forEach(function (element) {","                element.addEventListener(event, local.testRunBrowser);","            });","        });","        // run tests","        local.testRunBrowser();","        break;","","","","    // run node js-env code - post-init","    /* istanbul ignore next */","    case 'node':","        // export local","        module.exports = local;","        // require modules","        local.fs = require('fs');","        local.http = require('http');","        local.url = require('url');","        // init assets","        local.assetsDict = local.assetsDict || {};","        /* jslint-ignore-begin */","        local.assetsDict['/assets.index.template.html'] = '\\","<!doctype html>\\n\\","<html lang=\"en\">\\n\\","<head>\\n\\","<meta charset=\"UTF-8\">\\n\\","<meta name=\"viewport\" content=\"width=device-width, initial-scale=1\">\\n\\","<title>{{env.npm_package_name}} (v{{env.npm_package_version}})</title>\\n\\","<style>\\n\\","/*csslint\\n\\","    box-sizing: false,\\n\\","    universal-selector: false\\n\\","*/\\n\\","* {\\n\\","    box-sizing: border-box;\\n\\","}\\n\\","body {\\n\\","    background: #dde;\\n\\","    font-family: Arial, Helvetica, sans-serif;\\n\\","    margin: 2rem;\\n\\","}\\n\\","body > * {\\n\\","    margin-bottom: 1rem;\\n\\","}\\n\\",".utility2FooterDiv {\\n\\","    margin-top: 20px;\\n\\","    text-align: center;\\n\\","}\\n\\","</style>\\n\\","<style>\\n\\","/*csslint\\n\\","*/\\n\\","textarea {\\n\\","    font-family: monospace;\\n\\","    height: 10rem;\\n\\","    width: 100%;\\n\\","}\\n\\","textarea[readonly] {\\n\\","    background: #ddd;\\n\\","}\\n\\","</style>\\n\\","</head>\\n\\","<body>\\n\\","<!-- utility2-comment\\n\\","<div id=\"ajaxProgressDiv1\" style=\"background: #d00; height: 2px; left: 0; margin: 0; padding: 0; position: fixed; top: 0; transition: background 0.5s, width 1.5s; width: 25%;\"></div>\\n\\","utility2-comment -->\\n\\","<h1>\\n\\","<!-- utility2-comment\\n\\","    <a\\n\\","        {{#if env.npm_package_homepage}}\\n\\","        href=\"{{env.npm_package_homepage}}\"\\n\\","        {{/if env.npm_package_homepage}}\\n\\","        target=\"_blank\"\\n\\","    >\\n\\","utility2-comment -->\\n\\","        {{env.npm_package_name}} (v{{env.npm_package_version}})\\n\\","<!-- utility2-comment\\n\\","    </a>\\n\\","utility2-comment -->\\n\\","</h1>\\n\\","<h3>{{env.npm_package_description}}</h3>\\n\\","<!-- utility2-comment\\n\\","<h4><a download href=\"assets.app.js\">download standalone app</a></h4>\\n\\","<button class=\"onclick onreset\" id=\"testRunButton1\">run internal test</button><br>\\n\\","<div id=\"testReportDiv1\" style=\"display: none;\"></div>\\n\\","utility2-comment -->\\n\\","\\n\\","\\n\\","\\n\\","<label>stderr and stdout</label>\\n\\","<textarea class=\"resettable\" id=\"outputTextareaStdout1\" readonly></textarea>\\n\\","<!-- utility2-comment\\n\\","{{#if isRollup}}\\n\\","<script src=\"assets.app.js\"></script>\\n\\","{{#unless isRollup}}\\n\\","utility2-comment -->\\n\\","<script src=\"assets.utility2.rollup.js\"></script>\\n\\","<script src=\"jsonp.utility2._stateInit?callback=window.utility2._stateInit\"></script>\\n\\","<script src=\"assets.npmtest_worker_farm.rollup.js\"></script>\\n\\","<script src=\"assets.example.js\"></script>\\n\\","<script src=\"assets.test.js\"></script>\\n\\","<!-- utility2-comment\\n\\","{{/if isRollup}}\\n\\","utility2-comment -->\\n\\","<div class=\"utility2FooterDiv\">\\n\\","    [ this app was created with\\n\\","    <a href=\"https://github.com/kaizhu256/node-utility2\" target=\"_blank\">utility2</a>\\n\\","    ]\\n\\","</div>\\n\\","</body>\\n\\","</html>\\n\\","';","        /* jslint-ignore-end */","        if (local.templateRender) {","            local.assetsDict['/'] = local.templateRender(","                local.assetsDict['/assets.index.template.html'],","                {","                    env: local.objectSetDefault(local.env, {","                        npm_package_description: 'the greatest app in the world!',","                        npm_package_name: 'my-app',","                        npm_package_nameAlias: 'my_app',","                        npm_package_version: '0.0.1'","                    })","                }","            );","        } else {","            local.assetsDict['/'] = local.assetsDict['/assets.index.template.html']","                .replace((/\\{\\{env\\.(\\w+?)\\}\\}/g), function (match0, match1) {","                    // jslint-hack","                    String(match0);","                    switch (match1) {","                    case 'npm_package_description':","                        return 'the greatest app in the world!';","                    case 'npm_package_name':","                        return 'my-app';","                    case 'npm_package_nameAlias':","                        return 'my_app';","                    case 'npm_package_version':","                        return '0.0.1';","                    }","                });","        }","        // run the cli","        if (local.global.utility2_rollup || module !== require.main) {","            break;","        }","        local.assetsDict['/assets.example.js'] =","            local.assetsDict['/assets.example.js'] ||","            local.fs.readFileSync(__filename, 'utf8');","        // bug-workaround - long $npm_package_buildCustomOrg","        /* jslint-ignore-begin */","        local.assetsDict['/assets.npmtest_worker_farm.rollup.js'] =","            local.assetsDict['/assets.npmtest_worker_farm.rollup.js'] ||","            local.fs.readFileSync(","                local.npmtest_worker_farm.__dirname + '/lib.npmtest_worker_farm.js',","                'utf8'","            ).replace((/^#!/), '//');","        /* jslint-ignore-end */","        local.assetsDict['/favicon.ico'] = local.assetsDict['/favicon.ico'] || '';","        // if $npm_config_timeout_exit exists,","        // then exit this process after $npm_config_timeout_exit ms","        if (Number(process.env.npm_config_timeout_exit)) {","            setTimeout(process.exit, Number(process.env.npm_config_timeout_exit));","        }","        // start server","        if (local.global.utility2_serverHttp1) {","            break;","        }","        process.env.PORT = process.env.PORT || '8081';","        console.error('server starting on port ' + process.env.PORT);","        local.http.createServer(function (request, response) {","            request.urlParsed = local.url.parse(request.url);","            if (local.assetsDict[request.urlParsed.pathname] !== undefined) {","                response.end(local.assetsDict[request.urlParsed.pathname]);","                return;","            }","            response.statusCode = 404;","            response.end();","        }).listen(process.env.PORT);","        break;","    }","}());",""],"l":{"26":2,"28":2,"33":2,"35":2,"37":2,"38":2,"39":2,"44":1,"51":2,"55":2,"59":2,"61":2,"69":1,"70":2,"76":2,"79":2,"82":2,"83":2,"85":1,"89":2,"92":1,"93":1,"94":1,"96":1,"97":1,"100":1,"101":1,"103":1,"106":1,"108":2,"114":1,"116":1,"118":1,"123":1,"124":2,"125":2,"126":3,"127":3,"128":3,"129":3,"130":1,"133":3,"134":3,"139":3,"143":1,"144":3,"145":1,"149":1,"150":1,"158":1,"160":1,"161":1,"162":1,"164":1,"166":1,"258":1,"259":1,"271":1,"274":6,"275":6,"277":1,"279":2,"281":1,"283":2,"288":1,"289":1,"291":1,"296":1,"303":1,"306":1,"307":1,"310":1,"311":1,"313":1,"314":1,"315":1,"316":1,"317":1,"318":1,"319":1,"321":1,"322":1,"324":1}},"/home/travis/build/npmtest/node-npmtest-worker-farm/node_modules/worker-farm/lib/index.js":{"path":"/home/travis/build/npmtest/node-npmtest-worker-farm/node_modules/worker-farm/lib/index.js","s":{"1":1,"2":1,"3":1,"4":0,"5":0,"6":0,"7":0,"8":0,"9":0,"10":0,"11":1,"12":0,"13":0,"14":0,"15":0,"16":1,"17":1},"b":{"1":[0,0],"2":[0,0],"3":[0,0]},"f":{"1":0,"2":0},"fnMap":{"1":{"name":"farm","line":5,"loc":{"start":{"line":5,"column":0},"end":{"line":5,"column":39}}},"2":{"name":"end","line":21,"loc":{"start":{"line":21,"column":0},"end":{"line":21,"column":29}}}},"statementMap":{"1":{"start":{"line":1,"column":0},"end":{"line":1,"column":30}},"2":{"start":{"line":3,"column":0},"end":{"line":3,"column":14}},"3":{"start":{"line":5,"column":0},"end":{"line":19,"column":1}},"4":{"start":{"line":6,"column":2},"end":{"line":10,"column":3}},"5":{"start":{"line":7,"column":4},"end":{"line":7,"column":18}},"6":{"start":{"line":8,"column":4},"end":{"line":8,"column":18}},"7":{"start":{"line":9,"column":4},"end":{"line":9,"column":16}},"8":{"start":{"line":12,"column":2},"end":{"line":13,"column":28}},"9":{"start":{"line":15,"column":2},"end":{"line":15,"column":35}},"10":{"start":{"line":18,"column":2},"end":{"line":18,"column":12}},"11":{"start":{"line":21,"column":0},"end":{"line":26,"column":1}},"12":{"start":{"line":22,"column":2},"end":{"line":24,"column":40}},"13":{"start":{"line":23,"column":4},"end":{"line":24,"column":40}},"14":{"start":{"line":24,"column":6},"end":{"line":24,"column":40}},"15":{"start":{"line":25,"column":2},"end":{"line":25,"column":65}},"16":{"start":{"line":28,"column":0},"end":{"line":28,"column":25}},"17":{"start":{"line":29,"column":0},"end":{"line":29,"column":24}}},"branchMap":{"1":{"line":6,"type":"if","locations":[{"start":{"line":6,"column":2},"end":{"line":6,"column":2}},{"start":{"line":6,"column":2},"end":{"line":6,"column":2}}]},"2":{"line":23,"type":"if","locations":[{"start":{"line":23,"column":4},"end":{"line":23,"column":4}},{"start":{"line":23,"column":4},"end":{"line":23,"column":4}}]},"3":{"line":23,"type":"binary-expr","locations":[{"start":{"line":23,"column":8},"end":{"line":23,"column":16}},{"start":{"line":23,"column":20},"end":{"line":23,"column":40}}]}},"code":["const Farm = require('./farm')","","var farms = [] // keep record of farms so we can end() them if required","","function farm (options, path, methods) {","  if (typeof options == 'string') {","    methods = path","    path = options","    options = {}","  }","","  var f   = new Farm(options, path)","    , api = f.setup(methods)","","  farms.push({ farm: f, api: api })","","  // return the public API","  return api","}","","function end (api, callback) {","  for (var i = 0; i < farms.length; i++)","    if (farms[i] && farms[i].api === api)","      return farms[i].farm.end(callback)","  process.nextTick(callback.bind(null, 'Worker farm not found!'))","}","","module.exports     = farm","module.exports.end = end"],"l":{"1":1,"3":1,"5":1,"6":0,"7":0,"8":0,"9":0,"12":0,"15":0,"18":0,"21":1,"22":0,"23":0,"24":0,"25":0,"28":1,"29":1}},"/home/travis/build/npmtest/node-npmtest-worker-farm/node_modules/worker-farm/lib/farm.js":{"path":"/home/travis/build/npmtest/node-npmtest-worker-farm/node_modules/worker-farm/lib/farm.js","s":{"1":1,"2":1,"3":1,"4":0,"5":0,"6":0,"7":1,"8":0,"9":0,"10":0,"11":0,"12":0,"13":0,"14":0,"15":0,"16":1,"17":0,"18":0,"19":0,"20":0,"21":0,"22":0,"23":0,"24":0,"25":0,"26":0,"27":0,"28":0,"29":0,"30":0,"31":0,"32":1,"33":0,"34":0,"35":0,"36":0,"37":0,"38":0,"39":0,"40":0,"41":0,"42":0,"43":0,"44":0,"45":0,"46":1,"47":0,"48":0,"49":0,"50":0,"51":0,"52":0,"53":0,"54":0,"55":1,"56":0,"57":0,"58":0,"59":0,"60":0,"61":0,"62":0,"63":0,"64":1,"65":0,"66":0,"67":0,"68":0,"69":0,"70":0,"71":0,"72":0,"73":0,"74":0,"75":0,"76":0,"77":0,"78":0,"79":0,"80":0,"81":0,"82":0,"83":0,"84":0,"85":0,"86":0,"87":0,"88":0,"89":0,"90":0,"91":0,"92":0,"93":0,"94":0,"95":0,"96":0,"97":0,"98":0,"99":0,"100":0,"101":1,"102":0,"103":0,"104":0,"105":0,"106":0,"107":0,"108":1,"109":0,"110":0,"111":0,"112":0,"113":0,"114":0,"115":0,"116":1,"117":0,"118":0,"119":0,"120":0,"121":0,"122":0,"123":1,"124":0,"125":0,"126":0,"127":0,"128":0,"129":0,"130":0,"131":0,"132":0,"133":0,"134":0,"135":0,"136":0,"137":1,"138":0,"139":0,"140":0,"141":0,"142":1,"143":0,"144":0,"145":0,"146":0,"147":0,"148":0,"149":0,"150":0,"151":0,"152":0,"153":0,"154":0,"155":0,"156":0,"157":0,"158":0,"159":0,"160":1,"161":1},"b":{"1":[0,0],"2":[0,0],"3":[0,0],"4":[0,0],"5":[0,0],"6":[0,0],"7":[0,0],"8":[0,0],"9":[0,0],"10":[0,0],"11":[0,0],"12":[0,0],"13":[0,0],"14":[0,0],"15":[0,0],"16":[0,0],"17":[0,0,0,0,0,0,0],"18":[0,0],"19":[0,0],"20":[0,0],"21":[0,0],"22":[0,0],"23":[0,0],"24":[0,0],"25":[0,0],"26":[0,0],"27":[0,0],"28":[0,0],"29":[0,0],"30":[0,0],"31":[0,0],"32":[0,0],"33":[0,0],"34":[0,0],"35":[0,0],"36":[0,0],"37":[0,0],"38":[0,0]},"f":{"1":0,"2":0,"3":0,"4":0,"5":0,"6":0,"7":0,"8":0,"9":0,"10":0,"11":0,"12":0,"13":0,"14":0,"15":0,"16":0,"17":0,"18":0,"19":0,"20":0,"21":0,"22":0,"23":0},"fnMap":{"1":{"name":"Farm","line":18,"loc":{"start":{"line":18,"column":0},"end":{"line":18,"column":30}}},"2":{"name":"(anonymous_2)","line":25,"loc":{"start":{"line":25,"column":26},"end":{"line":25,"column":44}}},"3":{"name":"(anonymous_3)","line":26,"loc":{"start":{"line":26,"column":9},"end":{"line":26,"column":21}}},"4":{"name":"(anonymous_4)","line":44,"loc":{"start":{"line":44,"column":23},"end":{"line":44,"column":42}}},"5":{"name":"(anonymous_5)","line":50,"loc":{"start":{"line":50,"column":20},"end":{"line":50,"column":33}}},"6":{"name":"(anonymous_6)","line":70,"loc":{"start":{"line":70,"column":24},"end":{"line":70,"column":43}}},"7":{"name":"(anonymous_7)","line":72,"loc":{"start":{"line":72,"column":13},"end":{"line":72,"column":25}}},"8":{"name":"(anonymous_8)","line":75,"loc":{"start":{"line":75,"column":43},"end":{"line":75,"column":62}}},"9":{"name":"(anonymous_9)","line":96,"loc":{"start":{"line":96,"column":28},"end":{"line":96,"column":40}}},"10":{"name":"(anonymous_10)","line":110,"loc":{"start":{"line":110,"column":28},"end":{"line":110,"column":44}}},"11":{"name":"(anonymous_11)","line":120,"loc":{"start":{"line":120,"column":27},"end":{"line":120,"column":46}}},"12":{"name":"(anonymous_12)","line":124,"loc":{"start":{"line":124,"column":15},"end":{"line":124,"column":27}}},"13":{"name":"(anonymous_13)","line":135,"loc":{"start":{"line":135,"column":25},"end":{"line":135,"column":41}}},"14":{"name":"(anonymous_14)","line":176,"loc":{"start":{"line":176,"column":27},"end":{"line":176,"column":41}}},"15":{"name":"(anonymous_15)","line":181,"loc":{"start":{"line":181,"column":19},"end":{"line":181,"column":31}}},"16":{"name":"(anonymous_16)","line":199,"loc":{"start":{"line":199,"column":30},"end":{"line":199,"column":49}}},"17":{"name":"(anonymous_17)","line":217,"loc":{"start":{"line":217,"column":22},"end":{"line":217,"column":47}}},"18":{"name":"(anonymous_18)","line":241,"loc":{"start":{"line":241,"column":27},"end":{"line":241,"column":39}}},"19":{"name":"(anonymous_19)","line":259,"loc":{"start":{"line":259,"column":30},"end":{"line":259,"column":42}}},"20":{"name":"(anonymous_20)","line":289,"loc":{"start":{"line":289,"column":25},"end":{"line":289,"column":41}}},"21":{"name":"(anonymous_21)","line":297,"loc":{"start":{"line":297,"column":21},"end":{"line":297,"column":41}}},"22":{"name":"(anonymous_22)","line":305,"loc":{"start":{"line":305,"column":37},"end":{"line":305,"column":54}}},"23":{"name":"(anonymous_23)","line":315,"loc":{"start":{"line":315,"column":21},"end":{"line":315,"column":33}}}},"statementMap":{"1":{"start":{"line":1,"column":0},"end":{"line":10,"column":7}},"2":{"start":{"line":12,"column":0},"end":{"line":16,"column":82}},"3":{"start":{"line":18,"column":0},"end":{"line":22,"column":1}},"4":{"start":{"line":19,"column":2},"end":{"line":19,"column":53}},"5":{"start":{"line":20,"column":2},"end":{"line":20,"column":25}},"6":{"start":{"line":21,"column":2},"end":{"line":21,"column":22}},"7":{"start":{"line":25,"column":0},"end":{"line":41,"column":1}},"8":{"start":{"line":26,"column":2},"end":{"line":40,"column":14}},"9":{"start":{"line":27,"column":4},"end":{"line":27,"column":52}},"10":{"start":{"line":28,"column":4},"end":{"line":33,"column":5}},"11":{"start":{"line":29,"column":6},"end":{"line":29,"column":99}},"12":{"start":{"line":30,"column":6},"end":{"line":31,"column":70}},"13":{"start":{"line":31,"column":8},"end":{"line":31,"column":70}},"14":{"start":{"line":32,"column":6},"end":{"line":32,"column":15}},"15":{"start":{"line":34,"column":4},"end":{"line":39,"column":6}},"16":{"start":{"line":44,"column":0},"end":{"line":67,"column":1}},"17":{"start":{"line":45,"column":2},"end":{"line":45,"column":11}},"18":{"start":{"line":46,"column":2},"end":{"line":53,"column":3}},"19":{"start":{"line":47,"column":4},"end":{"line":47,"column":27}},"20":{"start":{"line":49,"column":4},"end":{"line":49,"column":14}},"21":{"start":{"line":50,"column":4},"end":{"line":52,"column":17}},"22":{"start":{"line":51,"column":6},"end":{"line":51,"column":33}},"23":{"start":{"line":55,"column":2},"end":{"line":55,"column":26}},"24":{"start":{"line":56,"column":2},"end":{"line":56,"column":26}},"25":{"start":{"line":57,"column":2},"end":{"line":57,"column":26}},"26":{"start":{"line":58,"column":2},"end":{"line":58,"column":25}},"27":{"start":{"line":59,"column":2},"end":{"line":59,"column":26}},"28":{"start":{"line":61,"column":2},"end":{"line":64,"column":3}},"29":{"start":{"line":62,"column":4},"end":{"line":63,"column":23}},"30":{"start":{"line":63,"column":6},"end":{"line":63,"column":23}},"31":{"start":{"line":66,"column":2},"end":{"line":66,"column":14}},"32":{"start":{"line":70,"column":0},"end":{"line":93,"column":1}},"33":{"start":{"line":72,"column":2},"end":{"line":92,"column":19}},"34":{"start":{"line":73,"column":4},"end":{"line":73,"column":23}},"35":{"start":{"line":74,"column":4},"end":{"line":89,"column":5}},"36":{"start":{"line":75,"column":6},"end":{"line":88,"column":19}},"37":{"start":{"line":76,"column":8},"end":{"line":87,"column":9}},"38":{"start":{"line":76,"column":19},"end":{"line":76,"column":25}},"39":{"start":{"line":77,"column":13},"end":{"line":87,"column":9}},"40":{"start":{"line":78,"column":10},"end":{"line":82,"column":12}},"41":{"start":{"line":84,"column":10},"end":{"line":84,"column":24}},"42":{"start":{"line":85,"column":10},"end":{"line":85,"column":38}},"43":{"start":{"line":86,"column":10},"end":{"line":86,"column":24}},"44":{"start":{"line":90,"column":4},"end":{"line":90,"column":27}},"45":{"start":{"line":91,"column":4},"end":{"line":91,"column":34}},"46":{"start":{"line":96,"column":0},"end":{"line":117,"column":1}},"47":{"start":{"line":97,"column":2},"end":{"line":97,"column":16}},"48":{"start":{"line":99,"column":2},"end":{"line":107,"column":7}},"49":{"start":{"line":109,"column":2},"end":{"line":109,"column":53}},"50":{"start":{"line":110,"column":2},"end":{"line":113,"column":15}},"51":{"start":{"line":111,"column":4},"end":{"line":111,"column":21}},"52":{"start":{"line":112,"column":4},"end":{"line":112,"column":19}},"53":{"start":{"line":115,"column":2},"end":{"line":115,"column":23}},"54":{"start":{"line":116,"column":2},"end":{"line":116,"column":23}},"55":{"start":{"line":120,"column":0},"end":{"line":131,"column":1}},"56":{"start":{"line":121,"column":2},"end":{"line":121,"column":36}},"57":{"start":{"line":122,"column":2},"end":{"line":130,"column":3}},"58":{"start":{"line":123,"column":4},"end":{"line":123,"column":21}},"59":{"start":{"line":124,"column":4},"end":{"line":128,"column":5}},"60":{"start":{"line":125,"column":6},"end":{"line":126,"column":35}},"61":{"start":{"line":126,"column":8},"end":{"line":126,"column":35}},"62":{"start":{"line":128,"column":5},"end":{"line":128,"column":34}},"63":{"start":{"line":129,"column":4},"end":{"line":129,"column":25}},"64":{"start":{"line":135,"column":0},"end":{"line":197,"column":1}},"65":{"start":{"line":136,"column":2},"end":{"line":140,"column":10}},"66":{"start":{"line":142,"column":2},"end":{"line":148,"column":3}},"67":{"start":{"line":143,"column":4},"end":{"line":147,"column":5}},"68":{"start":{"line":150,"column":2},"end":{"line":150,"column":25}},"69":{"start":{"line":151,"column":2},"end":{"line":156,"column":3}},"70":{"start":{"line":152,"column":4},"end":{"line":155,"column":5}},"71":{"start":{"line":158,"column":2},"end":{"line":159,"column":28}},"72":{"start":{"line":159,"column":4},"end":{"line":159,"column":28}},"73":{"start":{"line":161,"column":2},"end":{"line":179,"column":3}},"74":{"start":{"line":162,"column":4},"end":{"line":162,"column":19}},"75":{"start":{"line":163,"column":4},"end":{"line":171,"column":5}},"76":{"start":{"line":164,"column":24},"end":{"line":164,"column":59}},"77":{"start":{"line":164,"column":60},"end":{"line":164,"column":65}},"78":{"start":{"line":165,"column":25},"end":{"line":165,"column":61}},"79":{"start":{"line":165,"column":62},"end":{"line":165,"column":67}},"80":{"start":{"line":166,"column":24},"end":{"line":166,"column":59}},"81":{"start":{"line":166,"column":60},"end":{"line":166,"column":65}},"82":{"start":{"line":167,"column":29},"end":{"line":167,"column":69}},"83":{"start":{"line":167,"column":70},"end":{"line":167,"column":75}},"84":{"start":{"line":168,"column":26},"end":{"line":168,"column":63}},"85":{"start":{"line":168,"column":64},"end":{"line":168,"column":69}},"86":{"start":{"line":169,"column":23},"end":{"line":169,"column":57}},"87":{"start":{"line":169,"column":58},"end":{"line":169,"column":63}},"88":{"start":{"line":170,"column":15},"end":{"line":170,"column":45}},"89":{"start":{"line":172,"column":4},"end":{"line":172,"column":25}},"90":{"start":{"line":173,"column":4},"end":{"line":173,"column":27}},"91":{"start":{"line":176,"column":4},"end":{"line":178,"column":7}},"92":{"start":{"line":177,"column":6},"end":{"line":177,"column":28}},"93":{"start":{"line":181,"column":2},"end":{"line":185,"column":3}},"94":{"start":{"line":182,"column":4},"end":{"line":182,"column":35}},"95":{"start":{"line":185,"column":3},"end":{"line":185,"column":26}},"96":{"start":{"line":186,"column":2},"end":{"line":186,"column":21}},"97":{"start":{"line":187,"column":2},"end":{"line":187,"column":20}},"98":{"start":{"line":189,"column":2},"end":{"line":193,"column":3}},"99":{"start":{"line":192,"column":4},"end":{"line":192,"column":27}},"100":{"start":{"line":196,"column":2},"end":{"line":196,"column":21}},"101":{"start":{"line":199,"column":0},"end":{"line":214,"column":1}},"102":{"start":{"line":200,"column":2},"end":{"line":201,"column":7}},"103":{"start":{"line":203,"column":2},"end":{"line":204,"column":10}},"104":{"start":{"line":204,"column":4},"end":{"line":204,"column":10}},"105":{"start":{"line":206,"column":2},"end":{"line":212,"column":3}},"106":{"start":{"line":207,"column":4},"end":{"line":211,"column":6}},"107":{"start":{"line":213,"column":2},"end":{"line":213,"column":25}},"108":{"start":{"line":217,"column":0},"end":{"line":236,"column":1}},"109":{"start":{"line":218,"column":2},"end":{"line":219,"column":32}},"110":{"start":{"line":221,"column":2},"end":{"line":221,"column":24}},"111":{"start":{"line":222,"column":2},"end":{"line":222,"column":21}},"112":{"start":{"line":223,"column":2},"end":{"line":223,"column":20}},"113":{"start":{"line":225,"column":2},"end":{"line":230,"column":4}},"114":{"start":{"line":232,"column":2},"end":{"line":235,"column":3}},"115":{"start":{"line":233,"column":4},"end":{"line":234,"column":81}},"116":{"start":{"line":241,"column":0},"end":{"line":253,"column":1}},"117":{"start":{"line":242,"column":2},"end":{"line":243,"column":9}},"118":{"start":{"line":245,"column":2},"end":{"line":248,"column":22}},"119":{"start":{"line":246,"column":4},"end":{"line":246,"column":24}},"120":{"start":{"line":248,"column":4},"end":{"line":248,"column":22}},"121":{"start":{"line":250,"column":2},"end":{"line":250,"column":39}},"122":{"start":{"line":252,"column":2},"end":{"line":252,"column":24}},"123":{"start":{"line":259,"column":0},"end":{"line":286,"column":1}},"124":{"start":{"line":260,"column":2},"end":{"line":260,"column":25}},"125":{"start":{"line":262,"column":2},"end":{"line":263,"column":36}},"126":{"start":{"line":263,"column":4},"end":{"line":263,"column":36}},"127":{"start":{"line":265,"column":2},"end":{"line":266,"column":21}},"128":{"start":{"line":266,"column":4},"end":{"line":266,"column":21}},"129":{"start":{"line":268,"column":2},"end":{"line":282,"column":3}},"130":{"start":{"line":269,"column":4},"end":{"line":269,"column":21}},"131":{"start":{"line":270,"column":4},"end":{"line":276,"column":5}},"132":{"start":{"line":273,"column":6},"end":{"line":273,"column":48}},"133":{"start":{"line":274,"column":6},"end":{"line":275,"column":40}},"134":{"start":{"line":275,"column":8},"end":{"line":275,"column":40}},"135":{"start":{"line":284,"column":2},"end":{"line":285,"column":14}},"136":{"start":{"line":285,"column":4},"end":{"line":285,"column":14}},"137":{"start":{"line":289,"column":0},"end":{"line":294,"column":1}},"138":{"start":{"line":290,"column":2},"end":{"line":291,"column":21}},"139":{"start":{"line":291,"column":4},"end":{"line":291,"column":21}},"140":{"start":{"line":292,"column":2},"end":{"line":292,"column":27}},"141":{"start":{"line":293,"column":2},"end":{"line":293,"column":21}},"142":{"start":{"line":297,"column":0},"end":{"line":320,"column":1}},"143":{"start":{"line":298,"column":2},"end":{"line":298,"column":21}},"144":{"start":{"line":299,"column":2},"end":{"line":300,"column":10}},"145":{"start":{"line":300,"column":4},"end":{"line":300,"column":10}},"146":{"start":{"line":301,"column":2},"end":{"line":304,"column":22}},"147":{"start":{"line":302,"column":4},"end":{"line":302,"column":26}},"148":{"start":{"line":303,"column":7},"end":{"line":304,"column":22}},"149":{"start":{"line":304,"column":4},"end":{"line":304,"column":22}},"150":{"start":{"line":305,"column":2},"end":{"line":312,"column":15}},"151":{"start":{"line":306,"column":4},"end":{"line":307,"column":12}},"152":{"start":{"line":307,"column":6},"end":{"line":307,"column":12}},"153":{"start":{"line":308,"column":4},"end":{"line":311,"column":22}},"154":{"start":{"line":309,"column":6},"end":{"line":309,"column":27}},"155":{"start":{"line":311,"column":6},"end":{"line":311,"column":22}},"156":{"start":{"line":314,"column":2},"end":{"line":319,"column":3}},"157":{"start":{"line":315,"column":4},"end":{"line":318,"column":17}},"158":{"start":{"line":316,"column":6},"end":{"line":316,"column":19}},"159":{"start":{"line":317,"column":6},"end":{"line":317,"column":25}},"160":{"start":{"line":322,"column":0},"end":{"line":322,"column":34}},"161":{"start":{"line":323,"column":0},"end":{"line":323,"column":42}}},"branchMap":{"1":{"line":28,"type":"if","locations":[{"start":{"line":28,"column":4},"end":{"line":28,"column":4}},{"start":{"line":28,"column":4},"end":{"line":28,"column":4}}]},"2":{"line":30,"type":"if","locations":[{"start":{"line":30,"column":6},"end":{"line":30,"column":6}},{"start":{"line":30,"column":6},"end":{"line":30,"column":6}}]},"3":{"line":46,"type":"if","locations":[{"start":{"line":46,"column":2},"end":{"line":46,"column":2}},{"start":{"line":46,"column":2},"end":{"line":46,"column":2}}]},"4":{"line":61,"type":"if","locations":[{"start":{"line":61,"column":2},"end":{"line":61,"column":2}},{"start":{"line":61,"column":2},"end":{"line":61,"column":2}}]},"5":{"line":74,"type":"if","locations":[{"start":{"line":74,"column":4},"end":{"line":74,"column":4}},{"start":{"line":74,"column":4},"end":{"line":74,"column":4}}]},"6":{"line":74,"type":"binary-expr","locations":[{"start":{"line":74,"column":8},"end":{"line":74,"column":30}},{"start":{"line":74,"column":34},"end":{"line":74,"column":68}}]},"7":{"line":76,"type":"if","locations":[{"start":{"line":76,"column":8},"end":{"line":76,"column":8}},{"start":{"line":76,"column":8},"end":{"line":76,"column":8}}]},"8":{"line":77,"type":"if","locations":[{"start":{"line":77,"column":13},"end":{"line":77,"column":13}},{"start":{"line":77,"column":13},"end":{"line":77,"column":13}}]},"9":{"line":91,"type":"binary-expr","locations":[{"start":{"line":91,"column":4},"end":{"line":91,"column":11}},{"start":{"line":91,"column":15},"end":{"line":91,"column":34}}]},"10":{"line":122,"type":"if","locations":[{"start":{"line":122,"column":2},"end":{"line":122,"column":2}},{"start":{"line":122,"column":2},"end":{"line":122,"column":2}}]},"11":{"line":125,"type":"if","locations":[{"start":{"line":125,"column":6},"end":{"line":125,"column":6}},{"start":{"line":125,"column":6},"end":{"line":125,"column":6}}]},"12":{"line":142,"type":"if","locations":[{"start":{"line":142,"column":2},"end":{"line":142,"column":2}},{"start":{"line":142,"column":2},"end":{"line":142,"column":2}}]},"13":{"line":151,"type":"if","locations":[{"start":{"line":151,"column":2},"end":{"line":151,"column":2}},{"start":{"line":151,"column":2},"end":{"line":151,"column":2}}]},"14":{"line":158,"type":"if","locations":[{"start":{"line":158,"column":2},"end":{"line":158,"column":2}},{"start":{"line":158,"column":2},"end":{"line":158,"column":2}}]},"15":{"line":161,"type":"if","locations":[{"start":{"line":161,"column":2},"end":{"line":161,"column":2}},{"start":{"line":161,"column":2},"end":{"line":161,"column":2}}]},"16":{"line":161,"type":"binary-expr","locations":[{"start":{"line":161,"column":6},"end":{"line":161,"column":13}},{"start":{"line":161,"column":17},"end":{"line":161,"column":43}}]},"17":{"line":163,"type":"switch","locations":[{"start":{"line":164,"column":6},"end":{"line":164,"column":65}},{"start":{"line":165,"column":6},"end":{"line":165,"column":67}},{"start":{"line":166,"column":6},"end":{"line":166,"column":65}},{"start":{"line":167,"column":6},"end":{"line":167,"column":75}},{"start":{"line":168,"column":6},"end":{"line":168,"column":69}},{"start":{"line":169,"column":6},"end":{"line":169,"column":63}},{"start":{"line":170,"column":6},"end":{"line":170,"column":45}}]},"18":{"line":189,"type":"if","locations":[{"start":{"line":189,"column":2},"end":{"line":189,"column":2}},{"start":{"line":189,"column":2},"end":{"line":189,"column":2}}]},"19":{"line":189,"type":"binary-expr","locations":[{"start":{"line":189,"column":6},"end":{"line":189,"column":58}},{"start":{"line":190,"column":9},"end":{"line":190,"column":41}}]},"20":{"line":203,"type":"if","locations":[{"start":{"line":203,"column":2},"end":{"line":203,"column":2}},{"start":{"line":203,"column":2},"end":{"line":203,"column":2}}]},"21":{"line":232,"type":"if","locations":[{"start":{"line":232,"column":2},"end":{"line":232,"column":2}},{"start":{"line":232,"column":2},"end":{"line":232,"column":2}}]},"22":{"line":245,"type":"if","locations":[{"start":{"line":245,"column":2},"end":{"line":245,"column":2}},{"start":{"line":245,"column":2},"end":{"line":245,"column":2}}]},"23":{"line":262,"type":"if","locations":[{"start":{"line":262,"column":2},"end":{"line":262,"column":2}},{"start":{"line":262,"column":2},"end":{"line":262,"column":2}}]},"24":{"line":263,"type":"binary-expr","locations":[{"start":{"line":263,"column":11},"end":{"line":263,"column":22}},{"start":{"line":263,"column":26},"end":{"line":263,"column":36}}]},"25":{"line":265,"type":"if","locations":[{"start":{"line":265,"column":2},"end":{"line":265,"column":2}},{"start":{"line":265,"column":2},"end":{"line":265,"column":2}}]},"26":{"line":270,"type":"if","locations":[{"start":{"line":270,"column":4},"end":{"line":270,"column":4}},{"start":{"line":270,"column":4},"end":{"line":270,"column":4}}]},"27":{"line":270,"type":"binary-expr","locations":[{"start":{"line":270,"column":8},"end":{"line":270,"column":85}},{"start":{"line":271,"column":11},"end":{"line":271,"column":79}}]},"28":{"line":274,"type":"if","locations":[{"start":{"line":274,"column":6},"end":{"line":274,"column":6}},{"start":{"line":274,"column":6},"end":{"line":274,"column":6}}]},"29":{"line":275,"type":"binary-expr","locations":[{"start":{"line":275,"column":15},"end":{"line":275,"column":26}},{"start":{"line":275,"column":30},"end":{"line":275,"column":40}}]},"30":{"line":284,"type":"if","locations":[{"start":{"line":284,"column":2},"end":{"line":284,"column":2}},{"start":{"line":284,"column":2},"end":{"line":284,"column":2}}]},"31":{"line":290,"type":"if","locations":[{"start":{"line":290,"column":2},"end":{"line":290,"column":2}},{"start":{"line":290,"column":2},"end":{"line":290,"column":2}}]},"32":{"line":299,"type":"if","locations":[{"start":{"line":299,"column":2},"end":{"line":299,"column":2}},{"start":{"line":299,"column":2},"end":{"line":299,"column":2}}]},"33":{"line":301,"type":"if","locations":[{"start":{"line":301,"column":2},"end":{"line":301,"column":2}},{"start":{"line":301,"column":2},"end":{"line":301,"column":2}}]},"34":{"line":303,"type":"if","locations":[{"start":{"line":303,"column":7},"end":{"line":303,"column":7}},{"start":{"line":303,"column":7},"end":{"line":303,"column":7}}]},"35":{"line":306,"type":"if","locations":[{"start":{"line":306,"column":4},"end":{"line":306,"column":4}},{"start":{"line":306,"column":4},"end":{"line":306,"column":4}}]},"36":{"line":308,"type":"if","locations":[{"start":{"line":308,"column":4},"end":{"line":308,"column":4}},{"start":{"line":308,"column":4},"end":{"line":308,"column":4}}]},"37":{"line":314,"type":"if","locations":[{"start":{"line":314,"column":2},"end":{"line":314,"column":2}},{"start":{"line":314,"column":2},"end":{"line":314,"column":2}}]},"38":{"line":314,"type":"binary-expr","locations":[{"start":{"line":314,"column":6},"end":{"line":314,"column":14}},{"start":{"line":314,"column":18},"end":{"line":314,"column":50}}]}},"code":["const DEFAULT_OPTIONS = {","          maxCallsPerWorker           : Infinity","        , maxConcurrentWorkers        : require('os').cpus().length","        , maxConcurrentCallsPerWorker : 10","        , maxConcurrentCalls          : Infinity","        , maxCallTime                 : Infinity // exceed this and the whole worker is terminated","        , maxRetries                  : Infinity","        , forcedKillTime              : 100","        , autoStart                   : false","      }","","const extend                  = require('xtend')","    , fork                    = require('./fork')","    , TimeoutError            = require('errno').create('TimeoutError')","    , ProcessTerminatedError  = require('errno').create('ProcessTerminatedError')","    , MaxConcurrentCallsError = require('errno').create('MaxConcurrentCallsError')","","function Farm (options, path) {","  this.options     = extend(DEFAULT_OPTIONS, options)","  this.path        = path","  this.activeCalls = 0","}","","// make a handle to pass back in the form of an external API","Farm.prototype.mkhandle = function (method) {","  return function () {","    var args = Array.prototype.slice.call(arguments)","    if (this.activeCalls >= this.options.maxConcurrentCalls) {","      var err = new MaxConcurrentCallsError('Too many concurrent calls (' + this.activeCalls + ')')","      if (typeof args[args.length - 1] == 'function')","        return process.nextTick(args[args.length - 1].bind(null, err))","      throw err","    }","    this.addCall({","        method   : method","      , callback : args.pop()","      , args     : args","      , retries  : 0","    })","  }.bind(this)","}","","// a constructor of sorts","Farm.prototype.setup = function (methods) {","  var iface","  if (!methods) { // single-function export","    iface = this.mkhandle()","  } else { // multiple functions on the export","    iface = {}","    methods.forEach(function (m) {","      iface[m] = this.mkhandle(m)","    }.bind(this))","  }","","  this.searchStart    = -1","  this.childId        = -1","  this.children       = {}","  this.activeChildren = 0","  this.callQueue      = []","","  if (this.options.autoStart) {","    while (this.activeChildren < this.options.maxConcurrentWorkers)","      this.startChild()","  }","","  return iface","}","","// when a child exits, check if there are any outstanding jobs and requeue them","Farm.prototype.onExit = function (childId) {","  // delay this to give any sends a chance to finish","  setTimeout(function () {","    var doQueue = false","    if (this.children[childId] && this.children[childId].activeCalls) {","      this.children[childId].calls.forEach(function (call, i) {","        if (!call) return","        else if (call.retries >= this.options.maxRetries) {","          this.receive({","              idx   : i","            , child : childId","            , args  : [ new ProcessTerminatedError('cancel after ' + call.retries + ' retries!') ]","          })","        } else {","          call.retries++","          this.callQueue.unshift(call)","          doQueue = true","        }","      }.bind(this))","    }","    this.stopChild(childId)","    doQueue && this.processQueue()","  }.bind(this), 10)","}","","// start a new worker","Farm.prototype.startChild = function () {","  this.childId++","","  var forked = fork(this.path)","    , id     = this.childId","    , c      = {","          send        : forked.send","        , child       : forked.child","        , calls       : []","        , activeCalls : 0","        , exitCode    : null","      }","","  forked.child.on('message', this.receive.bind(this))","  forked.child.once('exit', function (code) {","    c.exitCode = code","    this.onExit(id)","  }.bind(this))","","  this.activeChildren++","  this.children[id] = c","}","","// stop a worker, identified by id","Farm.prototype.stopChild = function (childId) {","  var child = this.children[childId]","  if (child) {","    child.send('die')","    setTimeout(function () {","      if (child.exitCode === null)","        child.child.kill('SIGKILL')","    }, this.options.forcedKillTime)","    ;delete this.children[childId]","    this.activeChildren--","  }","}","","// called from a child process, the data contains information needed to","// look up the child and the original call so we can invoke the callback","Farm.prototype.receive = function (data) {","  var idx     = data.idx","    , childId = data.child","    , args    = data.args","    , child   = this.children[childId]","    , call","","  if (!child) {","    return console.error(","        'Worker Farm: Received message for unknown child. '","      + 'This is likely as a result of premature child death, '","      + 'the operation will have been re-queued.'","    )","  }","","  call = child.calls[idx]","  if (!call) {","    return console.error(","        'Worker Farm: Received message for unknown index for existing child. '","      + 'This should not happen!'","    )","  }","","  if (this.options.maxCallTime !== Infinity)","    clearTimeout(call.timer)","","  if (args[0] && args[0].$error == '$error') {","    var e = args[0]","    switch (e.type) {","      case 'TypeError': args[0] = new TypeError(e.message); break","      case 'RangeError': args[0] = new RangeError(e.message); break","      case 'EvalError': args[0] = new EvalError(e.message); break","      case 'ReferenceError': args[0] = new ReferenceError(e.message); break","      case 'SyntaxError': args[0] = new SyntaxError(e.message); break","      case 'URIError': args[0] = new URIError(e.message); break","      default: args[0] = new Error(e.message)","    }","    args[0].type = e.type","    args[0].stack = e.stack","","    // Copy any custom properties to pass it on.","    Object.keys(e).forEach(function(key) {","      args[0][key] = e[key];","    });","  }","","  process.nextTick(function () {","    call.callback.apply(null, args)","  })","","  ;delete child.calls[idx]","  child.activeCalls--","  this.activeCalls--","","  if (child.calls.length >= this.options.maxCallsPerWorker","      && !Object.keys(child.calls).length) {","    // this child has finished its run, kill it","    this.stopChild(childId)","  }","","  // allow any outstanding calls to be processed","  this.processQueue()","}","","Farm.prototype.childTimeout = function (childId) {","  var child = this.children[childId]","    , i","","  if (!child)","    return","","  for (i in child.calls) {","    this.receive({","        idx   : i","      , child : childId","      , args  : [ new TimeoutError('worker call timed out!') ]","    })","  }","  this.stopChild(childId)","}","","// send a call to a worker, identified by id","Farm.prototype.send = function (childId, call) {","  var child = this.children[childId]","    , idx   = child.calls.length","","  child.calls.push(call)","  child.activeCalls++","  this.activeCalls++","","  child.send({","      idx    : idx","    , child  : childId","    , method : call.method","    , args   : call.args","  })","","  if (this.options.maxCallTime !== Infinity) {","    call.timer =","      setTimeout(this.childTimeout.bind(this, childId), this.options.maxCallTime)","  }","}","","// a list of active worker ids, in order, but the starting offset is","// shifted each time this method is called, so we work our way through","// all workers when handing out jobs","Farm.prototype.childKeys = function () {","  var cka = Object.keys(this.children)","    , cks","","  if (this.searchStart >= cka.length - 1)","    this.searchStart = 0","  else","    this.searchStart++","","  cks = cka.splice(0, this.searchStart)","","  return cka.concat(cks)","}","","// Calls are added to a queue, this processes the queue and is called","// whenever there might be a chance to send more calls to the workers.","// The various options all impact on when we're able to send calls,","// they may need to be kept in a queue until a worker is ready.","Farm.prototype.processQueue = function () {","  var cka, i = 0, childId","","  if (!this.callQueue.length)","    return this.ending && this.end()","","  if (this.activeChildren < this.options.maxConcurrentWorkers)","    this.startChild()","","  for (cka = this.childKeys(); i < cka.length; i++) {","    childId = +cka[i]","    if (this.children[childId].activeCalls < this.options.maxConcurrentCallsPerWorker","        && this.children[childId].calls.length < this.options.maxCallsPerWorker) {","","      this.send(childId, this.callQueue.shift())","      if (!this.callQueue.length)","        return this.ending && this.end()","    } /*else {","      console.log(","        , this.children[childId].activeCalls < this.options.maxConcurrentCallsPerWorker","        , this.children[childId].calls.length < this.options.maxCallsPerWorker","        , this.children[childId].calls.length , this.options.maxCallsPerWorker)","    }*/","  }","","  if (this.ending)","    this.end()","}","","// add a new call to the call queue, then trigger a process of the queue","Farm.prototype.addCall = function (call) {","  if (this.ending)","    return this.end() // don't add anything new to the queue","  this.callQueue.push(call)","  this.processQueue()","}","","// kills child workers when they're all done","Farm.prototype.end = function (callback) {","  var complete = true","  if (this.ending === false)","    return","  if (callback)","    this.ending = callback","  else if (this.ending == null)","    this.ending = true","  Object.keys(this.children).forEach(function (child) {","    if (!this.children[child])","      return","    if (!this.children[child].activeCalls)","      this.stopChild(child)","    else","      complete = false","  }.bind(this))","","  if (complete && typeof this.ending == 'function') {","    process.nextTick(function () {","      this.ending()","      this.ending = false","    }.bind(this))","  }","}","","module.exports              = Farm","module.exports.TimeoutError = TimeoutError",""],"l":{"1":1,"12":1,"18":1,"19":0,"20":0,"21":0,"25":1,"26":0,"27":0,"28":0,"29":0,"30":0,"31":0,"32":0,"34":0,"44":1,"45":0,"46":0,"47":0,"49":0,"50":0,"51":0,"55":0,"56":0,"57":0,"58":0,"59":0,"61":0,"62":0,"63":0,"66":0,"70":1,"72":0,"73":0,"74":0,"75":0,"76":0,"77":0,"78":0,"84":0,"85":0,"86":0,"90":0,"91":0,"96":1,"97":0,"99":0,"109":0,"110":0,"111":0,"112":0,"115":0,"116":0,"120":1,"121":0,"122":0,"123":0,"124":0,"125":0,"126":0,"128":0,"129":0,"135":1,"136":0,"142":0,"143":0,"150":0,"151":0,"152":0,"158":0,"159":0,"161":0,"162":0,"163":0,"164":0,"165":0,"166":0,"167":0,"168":0,"169":0,"170":0,"172":0,"173":0,"176":0,"177":0,"181":0,"182":0,"185":0,"186":0,"187":0,"189":0,"192":0,"196":0,"199":1,"200":0,"203":0,"204":0,"206":0,"207":0,"213":0,"217":1,"218":0,"221":0,"222":0,"223":0,"225":0,"232":0,"233":0,"241":1,"242":0,"245":0,"246":0,"248":0,"250":0,"252":0,"259":1,"260":0,"262":0,"263":0,"265":0,"266":0,"268":0,"269":0,"270":0,"273":0,"274":0,"275":0,"284":0,"285":0,"289":1,"290":0,"291":0,"292":0,"293":0,"297":1,"298":0,"299":0,"300":0,"301":0,"302":0,"303":0,"304":0,"305":0,"306":0,"307":0,"308":0,"309":0,"311":0,"314":0,"315":0,"316":0,"317":0,"322":1,"323":1}},"/home/travis/build/npmtest/node-npmtest-worker-farm/node_modules/worker-farm/lib/fork.js":{"path":"/home/travis/build/npmtest/node-npmtest-worker-farm/node_modules/worker-farm/lib/fork.js","s":{"1":1,"2":1,"3":0,"4":0,"5":0,"6":0,"7":0,"8":1},"b":{},"f":{"1":0,"2":0},"fnMap":{"1":{"name":"fork","line":4,"loc":{"start":{"line":4,"column":0},"end":{"line":4,"column":27}}},"2":{"name":"(anonymous_2)","line":14,"loc":{"start":{"line":14,"column":14},"end":{"line":14,"column":30}}}},"statementMap":{"1":{"start":{"line":1,"column":0},"end":{"line":2,"column":53}},"2":{"start":{"line":4,"column":0},"end":{"line":23,"column":1}},"3":{"start":{"line":5,"column":2},"end":{"line":8,"column":8}},"4":{"start":{"line":10,"column":2},"end":{"line":10,"column":36}},"5":{"start":{"line":13,"column":2},"end":{"line":22,"column":3}},"6":{"start":{"line":15,"column":8},"end":{"line":19,"column":9}},"7":{"start":{"line":16,"column":10},"end":{"line":16,"column":26}},"8":{"start":{"line":25,"column":0},"end":{"line":25,"column":21}}},"branchMap":{},"code":["const childProcess = require('child_process')","    , childModule  = require.resolve('./child/index')","","function fork (forkModule) {","  var child = childProcess.fork(childModule, {","          env: process.env","        , cwd: process.cwd()","      })","","  child.send({ module: forkModule })","","  // return a send() function for this child","  return {","      send  : function (data) {","        try {","          child.send(data)","        } catch (e) {","          // this *should* be picked up by onExit and the operation requeued","        }","      }","    , child : child","  }","}","","module.exports = fork"],"l":{"1":1,"4":1,"5":0,"10":0,"13":0,"15":0,"16":0,"25":1}},"/home/travis/build/npmtest/node-npmtest-worker-farm/node_modules/worker-farm/lib/child/index.js":{"path":"/home/travis/build/npmtest/node-npmtest-worker-farm/node_modules/worker-farm/lib/child/index.js","s":{"1":1,"2":1,"3":0,"4":0,"5":0,"6":0,"7":0,"8":0,"9":0,"10":0,"11":0,"12":0,"13":0,"14":0,"15":0,"16":0,"17":0,"18":1,"19":0,"20":0,"21":0,"22":0,"23":0},"b":{"1":[0,0],"2":[0,0],"3":[0,0],"4":[0,0],"5":[0,0],"6":[0,0],"7":[0,0]},"f":{"1":0,"2":0,"3":0,"4":0},"fnMap":{"1":{"name":"handle","line":10,"loc":{"start":{"line":10,"column":0},"end":{"line":10,"column":23}}},"2":{"name":"(anonymous_2)","line":15,"loc":{"start":{"line":15,"column":17},"end":{"line":15,"column":29}}},"3":{"name":"(anonymous_3)","line":25,"loc":{"start":{"line":25,"column":33},"end":{"line":25,"column":47}}},"4":{"name":"(anonymous_4)","line":44,"loc":{"start":{"line":44,"column":22},"end":{"line":44,"column":38}}}},"statementMap":{"1":{"start":{"line":1,"column":0},"end":{"line":1,"column":11}},"2":{"start":{"line":10,"column":0},"end":{"line":42,"column":1}},"3":{"start":{"line":11,"column":2},"end":{"line":31,"column":10}},"4":{"start":{"line":16,"column":8},"end":{"line":16,"column":57}},"5":{"start":{"line":17,"column":8},"end":{"line":28,"column":9}},"6":{"start":{"line":18,"column":10},"end":{"line":18,"column":26}},"7":{"start":{"line":19,"column":10},"end":{"line":24,"column":11}},"8":{"start":{"line":25,"column":10},"end":{"line":27,"column":12}},"9":{"start":{"line":26,"column":12},"end":{"line":26,"column":34}},"10":{"start":{"line":29,"column":8},"end":{"line":29,"column":61}},"11":{"start":{"line":33,"column":2},"end":{"line":36,"column":26}},"12":{"start":{"line":34,"column":4},"end":{"line":34,"column":18}},"13":{"start":{"line":35,"column":7},"end":{"line":36,"column":26}},"14":{"start":{"line":36,"column":4},"end":{"line":36,"column":26}},"15":{"start":{"line":38,"column":2},"end":{"line":39,"column":51}},"16":{"start":{"line":39,"column":4},"end":{"line":39,"column":51}},"17":{"start":{"line":41,"column":2},"end":{"line":41,"column":45}},"18":{"start":{"line":44,"column":0},"end":{"line":48,"column":2}},"19":{"start":{"line":45,"column":2},"end":{"line":45,"column":53}},"20":{"start":{"line":45,"column":16},"end":{"line":45,"column":53}},"21":{"start":{"line":46,"column":2},"end":{"line":46,"column":43}},"22":{"start":{"line":46,"column":21},"end":{"line":46,"column":43}},"23":{"start":{"line":47,"column":2},"end":{"line":47,"column":14}}},"branchMap":{"1":{"line":17,"type":"if","locations":[{"start":{"line":17,"column":8},"end":{"line":17,"column":8}},{"start":{"line":17,"column":8},"end":{"line":17,"column":8}}]},"2":{"line":33,"type":"if","locations":[{"start":{"line":33,"column":2},"end":{"line":33,"column":2}},{"start":{"line":33,"column":2},"end":{"line":33,"column":2}}]},"3":{"line":33,"type":"binary-expr","locations":[{"start":{"line":33,"column":6},"end":{"line":33,"column":20}},{"start":{"line":33,"column":24},"end":{"line":33,"column":52}}]},"4":{"line":35,"type":"if","locations":[{"start":{"line":35,"column":7},"end":{"line":35,"column":7}},{"start":{"line":35,"column":7},"end":{"line":35,"column":7}}]},"5":{"line":38,"type":"if","locations":[{"start":{"line":38,"column":2},"end":{"line":38,"column":2}},{"start":{"line":38,"column":2},"end":{"line":38,"column":2}}]},"6":{"line":45,"type":"if","locations":[{"start":{"line":45,"column":2},"end":{"line":45,"column":2}},{"start":{"line":45,"column":2},"end":{"line":45,"column":2}}]},"7":{"line":46,"type":"if","locations":[{"start":{"line":46,"column":2},"end":{"line":46,"column":2}},{"start":{"line":46,"column":2},"end":{"line":46,"column":2}}]}},"code":["var $module","","/*","  var contextProto = this.context;","  while (contextProto = Object.getPrototypeOf(contextProto)) {","    completionGroups.push(Object.getOwnPropertyNames(contextProto));","  }","*/","","function handle (data) {","  var idx      = data.idx","    , child    = data.child","    , method   = data.method","    , args     = data.args","    , callback = function () {","        var _args = Array.prototype.slice.call(arguments)","        if (_args[0] instanceof Error) {","          var e = _args[0]","          _args[0] = {","              '$error'  : '$error'","            , 'type'    : e.constructor.name","            , 'message' : e.message","            , 'stack'   : e.stack","          }","          Object.keys(e).forEach(function(key) {","            _args[0][key] = e[key]","          })","        }","        process.send({ idx: idx, child: child, args: _args })","      }","    , exec","","  if (method == null && typeof $module == 'function')","    exec = $module","  else if (typeof $module[method] == 'function')","    exec = $module[method]","","  if (!exec)","    return console.error('NO SUCH METHOD:', method)","","  exec.apply(null, args.concat([ callback ]))","}","","process.on('message', function (data) {","  if (!$module) return $module = require(data.module)","  if (data == 'die') return process.exit(0)","  handle(data)","})",""],"l":{"1":1,"10":1,"11":0,"16":0,"17":0,"18":0,"19":0,"25":0,"26":0,"29":0,"33":0,"34":0,"35":0,"36":0,"38":0,"39":0,"41":0,"44":1,"45":0,"46":0,"47":0}}}